Using pre-set license
Built from '2020.3/staging' branch; Version is '2020.3.3f1 (76626098c1c4) revision 7758432'; Using compiler version '192528614'; Build Type 'Release'
OS: 'Windows 10 Home; OS build 19043.1466; Version 2009; 64bit' Language: 'zh' Physical Memory: 12165 MB
BatchMode: 1, IsHumanControllingUs: 0, StartBugReporterOnCrash: 0, Is64bit: 1, IsPro: 0

 COMMAND LINE ARGUMENTS:
D:\Program Files\Unity\2020.3.3f1\Editor\Unity.exe
-adb2
-batchMode
-noUpm
-name
AssetImportWorker0
-projectPath
D:/GIT_Clones/CatchFish
-logFile
Logs/AssetImportWorker0.log
-srvPort
11456
Successfully changed project path to: D:/GIT_Clones/CatchFish
D:/GIT_Clones/CatchFish
Using Asset Import Pipeline V2.
Refreshing native plugins compatible for Editor in 40.80 ms, found 0 plugins.
Preloading 0 native plugins for Editor in 0.00 ms.
Initialize engine version: 2020.3.3f1 (76626098c1c4)
[Subsystems] Discovering subsystems at path D:/Program Files/Unity/2020.3.3f1/Editor/Data/Resources/UnitySubsystems
[Subsystems] Discovering subsystems at path D:/GIT_Clones/CatchFish/Assets
GfxDevice: creating device client; threaded=0
Direct3D:
    Version:  Direct3D 11.0 [level 11.1]
    Renderer: NVIDIA GeForce GTX 1060 (ID=0x1c20)
    Vendor:   
    VRAM:     6052 MB
    Driver:   30.0.14.7196
Initialize mono
Mono path[0] = 'D:/Program Files/Unity/2020.3.3f1/Editor/Data/Managed'
Mono path[1] = 'D:/Program Files/Unity/2020.3.3f1/Editor/Data/MonoBleedingEdge/lib/mono/unityjit'
Mono config path = 'D:/Program Files/Unity/2020.3.3f1/Editor/Data/MonoBleedingEdge/etc'
Using monoOptions --debugger-agent=transport=dt_socket,embedding=1,server=y,suspend=n,address=127.0.0.1:56708
Begin MonoManager ReloadAssembly
Registering precompiled unity dll's ...
Register platform support module: D:/Program Files/Unity/2020.3.3f1/Editor/Data/PlaybackEngines/WebGLSupport/UnityEditor.WebGL.Extensions.dll
Register platform support module: D:/Program Files/Unity/2020.3.3f1/Editor/Data/PlaybackEngines/WindowsStandaloneSupport/UnityEditor.WindowsStandalone.Extensions.dll
Registered in 0.001775 seconds.
Native extension for WindowsStandalone target not found
Native extension for WebGL target not found
Refreshing native plugins compatible for Editor in 28.97 ms, found 0 plugins.
Preloading 0 native plugins for Editor in 0.00 ms.
Invoked RoslynAnalysisRunner static constructor.
RoslynAnalysisRunner will not be running.
RoslynAnalysisRunner has terminated.
Mono: successfully reloaded assembly
- Completed reload, in 13.313 seconds
Platform modules already initialized, skipping
Registering precompiled user dll's ...
Registered in 0.000575 seconds.
Begin MonoManager ReloadAssembly
Native extension for WindowsStandalone target not found
Native extension for WebGL target not found
Refreshing native plugins compatible for Editor in 25.99 ms, found 0 plugins.
Preloading 0 native plugins for Editor in 0.00 ms.
Invoked RoslynAnalysisRunner static constructor.
RoslynAnalysisRunner will not be running.
RoslynAnalysisRunner has terminated.
Mono: successfully reloaded assembly
- Completed reload, in  0.879 seconds
Platform modules already initialized, skipping
========================================================================
Worker process is ready to serve import requests
Launched and connected shader compiler UnityShaderCompiler.exe after 0.16 seconds
Refreshing native plugins compatible for Editor in 0.22 ms, found 0 plugins.
Preloading 0 native plugins for Editor in 0.00 ms.
Unloading 1200 Unused Serialized files (Serialized files now loaded: 0)
System memory in use before: 62.5 MB.
System memory in use after: 62.5 MB.

Unloading 10 unused Assets to reduce memory usage. Loaded Objects now: 1643.
Total: 1.847700 ms (FindLiveObjects: 0.154400 ms CreateObjectMapping: 0.047200 ms MarkObjects: 1.568000 ms  DeleteObjects: 0.076800 ms)

========================================================================
Received Import Request.
  path: Assets/Scripts/fish3_1.controller
  artifactKey: Guid(41e46ebe7afee994295df25f35dfddb9) Importer(815301076,1909f56bfc062723c751e8b465ee728b)
Start importing Assets/Scripts/fish3_1.controller using Guid(41e46ebe7afee994295df25f35dfddb9) Importer(815301076,1909f56bfc062723c751e8b465ee728b)  -> (artifact id: '355907804ef68610b12308cb7700a931') in 0.051428 seconds
  Import took 0.067546 seconds .

========================================================================
Received Import Request.
  Time since last request: 3.891933 seconds.
  path: Assets/Scripts/shark_animation.anim
  artifactKey: Guid(e0a2adb8ae6809e4f9d96deace2811de) Importer(815301076,1909f56bfc062723c751e8b465ee728b)
Start importing Assets/Scripts/shark_animation.anim using Guid(e0a2adb8ae6809e4f9d96deace2811de) Importer(815301076,1909f56bfc062723c751e8b465ee728b)  -> (artifact id: 'e6f7bc278e60d3c9ca29cc603f9ca8ec') in 0.004865 seconds
  Import took 0.006743 seconds .

========================================================================
Received Import Request.
  Time since last request: 0.081753 seconds.
  path: Assets/Scripts/shark_animation.anim
  artifactKey: Guid(e0a2adb8ae6809e4f9d96deace2811de) Importer(815301076,1909f56bfc062723c751e8b465ee728b)
Start importing Assets/Scripts/shark_animation.anim using Guid(e0a2adb8ae6809e4f9d96deace2811de) Importer(815301076,1909f56bfc062723c751e8b465ee728b)  -> (artifact id: 'e6f7bc278e60d3c9ca29cc603f9ca8ec') in 0.001288 seconds
  Import took 0.003100 seconds .

========================================================================
Received Prepare
Refreshing native plugins compatible for Editor in 0.85 ms, found 0 plugins.
Preloading 0 native plugins for Editor in 0.00 ms.
Unloading 3 Unused Serialized files (Serialized files now loaded: 0)
System memory in use before: 38.6 MB.
System memory in use after: 38.7 MB.

Unloading 3 unused Assets to reduce memory usage. Loaded Objects now: 1643.
Total: 2.351100 ms (FindLiveObjects: 0.160500 ms CreateObjectMapping: 0.036000 ms MarkObjects: 2.101800 ms  DeleteObjects: 0.051500 ms)

========================================================================
Received Import Request.
  Time since last request: 382.470310 seconds.
  path: Assets/Scripts/fish3_0.controller
  artifactKey: Guid(b16cc66d889755c418b9a92f19108233) Importer(815301076,1909f56bfc062723c751e8b465ee728b)
Start importing Assets/Scripts/fish3_0.controller using Guid(b16cc66d889755c418b9a92f19108233) Importer(815301076,1909f56bfc062723c751e8b465ee728b)  -> (artifact id: 'a5d46432194900cabe796887740b92b0') in 0.002026 seconds
  Import took 0.003968 seconds .

========================================================================
Received Prepare
Registering precompiled user dll's ...
Registered in 0.000594 seconds.
Begin MonoManager ReloadAssembly
Native extension for WindowsStandalone target not found
Native extension for WebGL target not found
Refreshing native plugins compatible for Editor in 0.23 ms, found 0 plugins.
Preloading 0 native plugins for Editor in 0.00 ms.
Invoked RoslynAnalysisRunner static constructor.
RoslynAnalysisRunner will not be running.
RoslynAnalysisRunner has terminated.
Mono: successfully reloaded assembly
- Completed reload, in  0.790 seconds
Platform modules already initialized, skipping
Refreshing native plugins compatible for Editor in 0.21 ms, found 0 plugins.
Preloading 0 native plugins for Editor in 0.00 ms.
Unloading 1195 Unused Serialized files (Serialized files now loaded: 0)
System memory in use before: 62.4 MB.
System memory in use after: 62.5 MB.

Unloading 5 unused Assets to reduce memory usage. Loaded Objects now: 1646.
Total: 1.748200 ms (FindLiveObjects: 0.124800 ms CreateObjectMapping: 0.034100 ms MarkObjects: 1.540800 ms  DeleteObjects: 0.047200 ms)

========================================================================
Received Import Request.
  Time since last request: 70.565387 seconds.
  path: Assets/Scripts/Shark_Animation.anim
  artifactKey: Guid(e0a2adb8ae6809e4f9d96deace2811de) Importer(815301076,1909f56bfc062723c751e8b465ee728b)
Start importing Assets/Scripts/Shark_Animation.anim using Guid(e0a2adb8ae6809e4f9d96deace2811de) Importer(815301076,1909f56bfc062723c751e8b465ee728b)  -> (artifact id: '75e00b55f8e771161be12794f68c25d5') in 0.039316 seconds
  Import took 0.041587 seconds .

========================================================================
Received Import Request.
  Time since last request: 7.483454 seconds.
  path: Assets/Scripts/Shark_Swin_Animation.anim
  artifactKey: Guid(e0a2adb8ae6809e4f9d96deace2811de) Importer(815301076,1909f56bfc062723c751e8b465ee728b)
Start importing Assets/Scripts/Shark_Swin_Animation.anim using Guid(e0a2adb8ae6809e4f9d96deace2811de) Importer(815301076,1909f56bfc062723c751e8b465ee728b)  -> (artifact id: '58c4ed85608576c270a1db44be8d6da5') in 0.001543 seconds
  Import took 0.019103 seconds .

========================================================================
Received Import Request.
  Time since last request: 14.751000 seconds.
  path: Assets/Scripts/SharkSwin_Animation.anim
  artifactKey: Guid(e0a2adb8ae6809e4f9d96deace2811de) Importer(815301076,1909f56bfc062723c751e8b465ee728b)
Start importing Assets/Scripts/SharkSwin_Animation.anim using Guid(e0a2adb8ae6809e4f9d96deace2811de) Importer(815301076,1909f56bfc062723c751e8b465ee728b)  -> (artifact id: '1c275eb05f622596f08aefa20851b00a') in 0.022327 seconds
  Import took 0.024475 seconds .

========================================================================
Received Prepare
Registering precompiled user dll's ...
Registered in 0.000633 seconds.
Begin MonoManager ReloadAssembly
Native extension for WindowsStandalone target not found
Native extension for WebGL target not found
Refreshing native plugins compatible for Editor in 0.23 ms, found 0 plugins.
Preloading 0 native plugins for Editor in 0.00 ms.
Invoked RoslynAnalysisRunner static constructor.
RoslynAnalysisRunner will not be running.
RoslynAnalysisRunner has terminated.
Mono: successfully reloaded assembly
- Completed reload, in  0.790 seconds
Platform modules already initialized, skipping
Refreshing native plugins compatible for Editor in 0.27 ms, found 0 plugins.
Preloading 0 native plugins for Editor in 0.00 ms.
Unloading 1195 Unused Serialized files (Serialized files now loaded: 0)
System memory in use before: 62.4 MB.
System memory in use after: 62.5 MB.

Unloading 5 unused Assets to reduce memory usage. Loaded Objects now: 1649.
Total: 2.743000 ms (FindLiveObjects: 0.153300 ms CreateObjectMapping: 0.040800 ms MarkObjects: 2.490700 ms  DeleteObjects: 0.056000 ms)

========================================================================
Received Import Request.
  Time since last request: 49.817848 seconds.
  path: Assets/Perfab/Shark.prefab
  artifactKey: Guid(52c3e23d5565bcf48a462073ee36aa2e) Importer(815301076,1909f56bfc062723c751e8b465ee728b)
Start importing Assets/Perfab/Shark.prefab using Guid(52c3e23d5565bcf48a462073ee36aa2e) Importer(815301076,1909f56bfc062723c751e8b465ee728b) The Animator Controller (fish3_0) you have used is not valid. Animations will not play
UnityEngine.StackTraceUtility:ExtractStackTrace ()
UnityEditor.EditorUtility:Internal_InstantiateRemoveAllNonAnimationComponentsSingle (UnityEngine.Object,UnityEngine.Vector3,UnityEngine.Quaternion)
UnityEditor.EditorUtility:InstantiateRemoveAllNonAnimationComponents (UnityEngine.Object,UnityEngine.Vector3,UnityEngine.Quaternion)
UnityEditor.EditorUtility:InstantiateForAnimatorPreview (UnityEngine.Object)
UnityEditor.GameObjectInspector/PreviewData:UpdateGameObject (UnityEngine.Object)
UnityEditor.GameObjectInspector/PreviewData:.ctor (UnityEngine.Object)
UnityEditor.GameObjectInspector:GetPreviewData ()
UnityEditor.GameObjectInspector:RenderStaticPreview (string,UnityEngine.Object[],int,int)
UnityEditor.AssetPreviewUpdater:CreatePreviewForAsset (UnityEngine.Object,UnityEngine.Object[],string)

[C:\buildslave\unity\build\Modules/Animation/Director/AnimatorControllerPlayable.cpp line 333]

The Animator Controller (fish3_0) you have used is not valid. Animations will not play
UnityEngine.StackTraceUtility:ExtractStackTrace ()
UnityEditor.EditorUtility:InitInstantiatedPreviewRecursive (UnityEngine.GameObject)
UnityEditor.EditorUtility:InstantiateForAnimatorPreview (UnityEngine.Object)
UnityEditor.GameObjectInspector/PreviewData:UpdateGameObject (UnityEngine.Object)
UnityEditor.GameObjectInspector/PreviewData:.ctor (UnityEngine.Object)
UnityEditor.GameObjectInspector:GetPreviewData ()
UnityEditor.GameObjectInspector:RenderStaticPreview (string,UnityEngine.Object[],int,int)
UnityEditor.AssetPreviewUpdater:CreatePreviewForAsset (UnityEngine.Object,UnityEngine.Object[],string)

[C:\buildslave\unity\build\Modules/Animation/Director/AnimatorControllerPlayable.cpp line 333]

 -> (artifact id: 'fd86cbdf7fbb3e70870c4f53111a36cc') in 0.373702 seconds
  Import took 0.375914 seconds .

========================================================================
Received Import Request.
  Time since last request: 0.000317 seconds.
  path: Assets/Perfab/Shark.prefab
  artifactKey: Guid(52c3e23d5565bcf48a462073ee36aa2e) Importer(815301076,1909f56bfc062723c751e8b465ee728b)
Start importing Assets/Perfab/Shark.prefab using Guid(52c3e23d5565bcf48a462073ee36aa2e) Importer(815301076,1909f56bfc062723c751e8b465ee728b) The Animator Controller (fish3_0) you have used is not valid. Animations will not play
UnityEngine.StackTraceUtility:ExtractStackTrace ()
UnityEditor.EditorUtility:Internal_InstantiateRemoveAllNonAnimationComponentsSingle (UnityEngine.Object,UnityEngine.Vector3,UnityEngine.Quaternion)
UnityEditor.EditorUtility:InstantiateRemoveAllNonAnimationComponents (UnityEngine.Object,UnityEngine.Vector3,UnityEngine.Quaternion)
UnityEditor.EditorUtility:InstantiateForAnimatorPreview (UnityEngine.Object)
UnityEditor.GameObjectInspector/PreviewData:UpdateGameObject (UnityEngine.Object)
UnityEditor.GameObjectInspector/PreviewData:.ctor (UnityEngine.Object)
UnityEditor.GameObjectInspector:GetPreviewData ()
UnityEditor.GameObjectInspector:RenderStaticPreview (string,UnityEngine.Object[],int,int)
UnityEditor.AssetPreviewUpdater:CreatePreviewForAsset (UnityEngine.Object,UnityEngine.Object[],string)

[C:\buildslave\unity\build\Modules/Animation/Director/AnimatorControllerPlayable.cpp line 333]

The Animator Controller (fish3_0) you have used is not valid. Animations will not play
UnityEngine.StackTraceUtility:ExtractStackTrace ()
UnityEditor.EditorUtility:InitInstantiatedPreviewRecursive (UnityEngine.GameObject)
UnityEditor.EditorUtility:InstantiateForAnimatorPreview (UnityEngine.Object)
UnityEditor.GameObjectInspector/PreviewData:UpdateGameObject (UnityEngine.Object)
UnityEditor.GameObjectInspector/PreviewData:.ctor (UnityEngine.Object)
UnityEditor.GameObjectInspector:GetPreviewData ()
UnityEditor.GameObjectInspector:RenderStaticPreview (string,UnityEngine.Object[],int,int)
UnityEditor.AssetPreviewUpdater:CreatePreviewForAsset (UnityEngine.Object,UnityEngine.Object[],string)

[C:\buildslave\unity\build\Modules/Animation/Director/AnimatorControllerPlayable.cpp line 333]

 -> (artifact id: 'fd86cbdf7fbb3e70870c4f53111a36cc') in 0.009857 seconds
  Import took 0.012031 seconds .

AssetImportWorkerClient::OnTransportError - code=2 error=End of file
